<?xml version="1.0" encoding="UTF-8"?>
<testsuite xmlns:xsi="http://www.w3.org/2001/XMLSchema-instance" xsi:noNamespaceSchemaLocation="https://maven.apache.org/surefire/maven-surefire-plugin/xsd/surefire-test-report-3.0.xsd" version="3.0" name="fit5171.monash.edu.AirplaneTest" time="0.011" tests="10" errors="0" skipped="0" failures="0">
  <properties>
    <property name="java.specification.version" value="23"/>
    <property name="sonar.host.url" value="http://localhost:9000"/>
    <property name="sun.jnu.encoding" value="UTF-8"/>
    <property name="java.class.path" value="/Users/zhujunyi/Desktop/FIT5171_ASS3/fit5171-A3/target/test-classes:/Users/zhujunyi/Desktop/FIT5171_ASS3/fit5171-A3/target/classes:/Users/zhujunyi/.m2/repository/org/junit/jupiter/junit-jupiter-engine/5.9.1/junit-jupiter-engine-5.9.1.jar:/Users/zhujunyi/.m2/repository/org/junit/platform/junit-platform-engine/1.9.1/junit-platform-engine-1.9.1.jar:/Users/zhujunyi/.m2/repository/org/apiguardian/apiguardian-api/1.1.2/apiguardian-api-1.1.2.jar:/Users/zhujunyi/.m2/repository/org/junit/jupiter/junit-jupiter-api/5.9.1/junit-jupiter-api-5.9.1.jar:/Users/zhujunyi/.m2/repository/org/opentest4j/opentest4j/1.2.0/opentest4j-1.2.0.jar:/Users/zhujunyi/.m2/repository/org/junit/platform/junit-platform-commons/1.9.1/junit-platform-commons-1.9.1.jar:/Users/zhujunyi/.m2/repository/junit/junit/4.13.2/junit-4.13.2.jar:/Users/zhujunyi/.m2/repository/org/hamcrest/hamcrest-core/1.3/hamcrest-core-1.3.jar:/Users/zhujunyi/.m2/repository/org/testng/testng/7.11.0/testng-7.11.0.jar:/Users/zhujunyi/.m2/repository/org/slf4j/slf4j-api/2.0.16/slf4j-api-2.0.16.jar:/Users/zhujunyi/.m2/repository/org/jcommander/jcommander/1.83/jcommander-1.83.jar:/Users/zhujunyi/.m2/repository/org/webjars/jquery/3.7.1/jquery-3.7.1.jar:/Users/zhujunyi/.m2/repository/org/mockito/mockito-core/5.11.0/mockito-core-5.11.0.jar:/Users/zhujunyi/.m2/repository/net/bytebuddy/byte-buddy/1.14.12/byte-buddy-1.14.12.jar:/Users/zhujunyi/.m2/repository/net/bytebuddy/byte-buddy-agent/1.14.12/byte-buddy-agent-1.14.12.jar:/Users/zhujunyi/.m2/repository/org/objenesis/objenesis/3.3/objenesis-3.3.jar:"/>
    <property name="java.vm.vendor" value="Homebrew"/>
    <property name="sun.arch.data.model" value="64"/>
    <property name="java.vendor.url" value="https://github.com/Homebrew/homebrew-core/issues"/>
    <property name="os.name" value="Mac OS X"/>
    <property name="java.vm.specification.version" value="23"/>
    <property name="sonar.coverage.jacoco.xmlReportPaths" value="target/site/jacoco/jacoco.xml"/>
    <property name="sun.java.launcher" value="SUN_STANDARD"/>
    <property name="user.country" value="AU"/>
    <property name="sun.boot.library.path" value="/opt/homebrew/Cellar/openjdk/23.0.2/libexec/openjdk.jdk/Contents/Home/lib"/>
    <property name="sun.java.command" value="/Users/zhujunyi/Desktop/FIT5171_ASS3/fit5171-A3/target/surefire/surefirebooter-20250525124648779_3.jar /Users/zhujunyi/Desktop/FIT5171_ASS3/fit5171-A3/target/surefire 2025-05-25T12-46-48_749-jvmRun1 surefire-20250525124648779_1tmp surefire_0-20250525124648779_2tmp"/>
    <property name="http.nonProxyHosts" value="local|*.local|169.254/16|*.169.254/16"/>
    <property name="jdk.debug" value="release"/>
    <property name="surefire.test.class.path" value="/Users/zhujunyi/Desktop/FIT5171_ASS3/fit5171-A3/target/test-classes:/Users/zhujunyi/Desktop/FIT5171_ASS3/fit5171-A3/target/classes:/Users/zhujunyi/.m2/repository/org/junit/jupiter/junit-jupiter-engine/5.9.1/junit-jupiter-engine-5.9.1.jar:/Users/zhujunyi/.m2/repository/org/junit/platform/junit-platform-engine/1.9.1/junit-platform-engine-1.9.1.jar:/Users/zhujunyi/.m2/repository/org/apiguardian/apiguardian-api/1.1.2/apiguardian-api-1.1.2.jar:/Users/zhujunyi/.m2/repository/org/junit/jupiter/junit-jupiter-api/5.9.1/junit-jupiter-api-5.9.1.jar:/Users/zhujunyi/.m2/repository/org/opentest4j/opentest4j/1.2.0/opentest4j-1.2.0.jar:/Users/zhujunyi/.m2/repository/org/junit/platform/junit-platform-commons/1.9.1/junit-platform-commons-1.9.1.jar:/Users/zhujunyi/.m2/repository/junit/junit/4.13.2/junit-4.13.2.jar:/Users/zhujunyi/.m2/repository/org/hamcrest/hamcrest-core/1.3/hamcrest-core-1.3.jar:/Users/zhujunyi/.m2/repository/org/testng/testng/7.11.0/testng-7.11.0.jar:/Users/zhujunyi/.m2/repository/org/slf4j/slf4j-api/2.0.16/slf4j-api-2.0.16.jar:/Users/zhujunyi/.m2/repository/org/jcommander/jcommander/1.83/jcommander-1.83.jar:/Users/zhujunyi/.m2/repository/org/webjars/jquery/3.7.1/jquery-3.7.1.jar:/Users/zhujunyi/.m2/repository/org/mockito/mockito-core/5.11.0/mockito-core-5.11.0.jar:/Users/zhujunyi/.m2/repository/net/bytebuddy/byte-buddy/1.14.12/byte-buddy-1.14.12.jar:/Users/zhujunyi/.m2/repository/net/bytebuddy/byte-buddy-agent/1.14.12/byte-buddy-agent-1.14.12.jar:/Users/zhujunyi/.m2/repository/org/objenesis/objenesis/3.3/objenesis-3.3.jar:"/>
    <property name="sun.cpu.endian" value="little"/>
    <property name="user.home" value="/Users/zhujunyi"/>
    <property name="user.language" value="en"/>
    <property name="java.specification.vendor" value="Oracle Corporation"/>
    <property name="java.version.date" value="2025-01-21"/>
    <property name="java.home" value="/opt/homebrew/Cellar/openjdk/23.0.2/libexec/openjdk.jdk/Contents/Home"/>
    <property name="file.separator" value="/"/>
    <property name="basedir" value="/Users/zhujunyi/Desktop/FIT5171_ASS3/fit5171-A3"/>
    <property name="java.vm.compressedOopsMode" value="Zero based"/>
    <property name="line.separator" value="&#10;"/>
    <property name="java.vm.specification.vendor" value="Oracle Corporation"/>
    <property name="java.specification.name" value="Java Platform API Specification"/>
    <property name="apple.awt.application.name" value="ForkedBooter"/>
    <property name="surefire.real.class.path" value="/Users/zhujunyi/Desktop/FIT5171_ASS3/fit5171-A3/target/surefire/surefirebooter-20250525124648779_3.jar"/>
    <property name="sun.management.compiler" value="HotSpot 64-Bit Tiered Compilers"/>
    <property name="ftp.nonProxyHosts" value="local|*.local|169.254/16|*.169.254/16"/>
    <property name="java.runtime.version" value="23.0.2"/>
    <property name="user.name" value="zhujunyi"/>
    <property name="stdout.encoding" value="UTF-8"/>
    <property name="path.separator" value=":"/>
    <property name="os.version" value="14.4.1"/>
    <property name="java.runtime.name" value="OpenJDK Runtime Environment"/>
    <property name="file.encoding" value="UTF-8"/>
    <property name="java.vm.name" value="OpenJDK 64-Bit Server VM"/>
    <property name="sonar.java.binaries" value="target/classes"/>
    <property name="java.vendor.version" value="Homebrew"/>
    <property name="localRepository" value="/Users/zhujunyi/.m2/repository"/>
    <property name="java.vendor.url.bug" value="https://github.com/Homebrew/homebrew-core/issues"/>
    <property name="java.io.tmpdir" value="/var/folders/m0/xtz02v7n5s93w49jf37vbys40000gn/T/"/>
    <property name="sonar.token" value="sqp_9a8ccbb26b92b04ba8176cf505ad2d90d3062e35"/>
    <property name="java.version" value="23.0.2"/>
    <property name="user.dir" value="/Users/zhujunyi/Desktop/FIT5171_ASS3/fit5171-A3"/>
    <property name="os.arch" value="aarch64"/>
    <property name="java.vm.specification.name" value="Java Virtual Machine Specification"/>
    <property name="native.encoding" value="UTF-8"/>
    <property name="sonar.projectKey" value="fit5171-assignment3"/>
    <property name="java.library.path" value="/Users/zhujunyi/Library/Java/Extensions:/Library/Java/Extensions:/Network/Library/Java/Extensions:/System/Library/Java/Extensions:/usr/lib/java:."/>
    <property name="java.vm.info" value="mixed mode, sharing"/>
    <property name="stderr.encoding" value="UTF-8"/>
    <property name="java.vendor" value="Homebrew"/>
    <property name="java.vm.version" value="23.0.2"/>
    <property name="sun.io.unicode.encoding" value="UnicodeBig"/>
    <property name="socksNonProxyHosts" value="local|*.local|169.254/16|*.169.254/16"/>
    <property name="java.class.version" value="67.0"/>
  </properties>
  <testcase name="testZeroSeatAllowed" classname="fit5171.monash.edu.AirplaneTest" time="0.002"/>
  <testcase name="testModelValidation" classname="fit5171.monash.edu.AirplaneTest" time="0.001"/>
  <testcase name="testSetterValidation" classname="fit5171.monash.edu.AirplaneTest" time="0.001"/>
  <testcase name="testSettersAndGetters" classname="fit5171.monash.edu.AirplaneTest" time="0.0"/>
  <testcase name="testGetAirPlaneInfoStub" classname="fit5171.monash.edu.AirplaneTest" time="0.001"/>
  <testcase name="testSeatMapMutability" classname="fit5171.monash.edu.AirplaneTest" time="0.001"/>
  <testcase name="testToStringContainsFields" classname="fit5171.monash.edu.AirplaneTest" time="0.003"/>
  <testcase name="testSeatCountValidation" classname="fit5171.monash.edu.AirplaneTest" time="0.001"/>
  <testcase name="testValidAirplaneCreation" classname="fit5171.monash.edu.AirplaneTest" time="0.001"/>
  <testcase name="testAirplaneIDValidation" classname="fit5171.monash.edu.AirplaneTest" time="0.0"/>
</testsuite>